2024-05-13 11:17:03 - INFO - *********************************Test_002_DDT_login********************
2024-05-13 11:17:03 - INFO - *************************Verifing the login****************************
2024-05-13 11:17:05 - INFO - ****************************failed***********************
2024-05-13 11:17:07 - INFO - ****************************failed***********************
2024-05-13 11:17:07 - INFO - ****************************failed***********************
2024-05-13 11:17:11 - INFO - ****************************passed***********************
2024-05-13 11:17:14 - INFO - ****************************passed***********************
2024-05-13 11:17:16 - INFO - ****************************DDT PAssed***********************
2024-05-13 11:18:22 - INFO - *********************************Test_002_DDT_login********************
2024-05-13 11:18:22 - INFO - *************************Verifing the login****************************
2024-05-13 11:18:25 - INFO - ****************************failed***********************
2024-05-13 11:18:26 - INFO - ****************************failed***********************
2024-05-13 11:18:27 - INFO - ****************************failed***********************
2024-05-13 11:18:30 - INFO - ****************************passed***********************
2024-05-13 11:18:34 - INFO - ****************************passed***********************
2024-05-13 11:18:35 - INFO - ****************************DDT PAssed***********************
2024-05-13 11:57:25 - INFO - ****************************Test_001_Login*************************
2024-05-13 11:57:25 - INFO - ****************************Verifing Home Page Title**************
2024-05-13 11:57:26 - INFO - ************************Home Page Title is passed***************
2024-05-13 11:57:29 - INFO - *************************Test_001_Login*******************************
2024-05-13 11:57:29 - INFO - *************************Verifing the login****************************
2024-05-13 11:57:34 - INFO - ****************************LOgin Is sussesfull***********************
2024-05-13 11:57:36 - INFO - *************************Test_001_Login*******************************
2024-05-13 11:57:36 - INFO - *************************Verifing the login****************************
2024-05-13 11:57:40 - INFO - ****************************LOgin Is sussesfull***********************
2024-05-14 11:04:35 - INFO - ******************test_003_addCustomer************************
2024-05-14 11:04:35 - INFO - *********************** adding new customer ******************
2024-05-14 11:04:38 - INFO - *************************** login successfull*******************
2024-05-14 11:04:44 - INFO - ********************** entering the details ********************
2024-05-14 11:04:45 - INFO - ***************************** Date of Birth *********************
2024-05-14 11:05:42 - INFO - ******************test_003_addCustomer************************
2024-05-14 11:05:42 - INFO - *********************** adding new customer ******************
2024-05-14 11:05:46 - INFO - *************************** login successfull*******************
2024-05-14 11:05:53 - INFO - ********************** entering the details ********************
2024-05-14 11:05:53 - INFO - ***************************** Date of Birth *********************
2024-05-14 11:31:58 - INFO - ******************test_003_addCustomer************************
2024-05-14 11:31:58 - INFO - *********************** adding new customer ******************
2024-05-14 11:32:02 - INFO - *************************** login successfull*******************
2024-05-14 11:32:08 - INFO - ********************** entering the details ********************
2024-05-14 11:32:09 - INFO - ***************************** Date of Birth *********************
2024-05-14 11:38:18 - INFO - ******************test_003_addCustomer************************
2024-05-14 11:38:18 - INFO - *********************** adding new customer ******************
2024-05-14 11:38:22 - INFO - *************************** login successfull*******************
2024-05-14 11:38:27 - INFO - ********************** entering the details ********************
2024-05-14 11:38:28 - INFO - ***************************** Date of Birth *********************
2024-05-14 11:41:24 - INFO - ******************test_003_addCustomer************************
2024-05-14 11:41:24 - INFO - *********************** adding new customer ******************
2024-05-14 11:41:28 - INFO - *************************** login successfull*******************
2024-05-14 11:41:34 - INFO - ********************** entering the details ********************
2024-05-14 11:41:35 - INFO - ***************************** Date of Birth *********************
2024-05-14 14:33:38 - INFO - ******************test_003_addCustomer************************
2024-05-14 14:33:38 - INFO - *********************** adding new customer ******************
2024-05-14 14:33:44 - INFO - *************************** login successfull*******************
2024-05-14 14:33:49 - INFO - ********************** entering the details ********************
2024-05-14 14:33:50 - INFO - ***************************** Date of Birth *********************
2024-05-14 14:34:23 - INFO - ******************test_003_addCustomer************************
2024-05-14 14:34:23 - INFO - *********************** adding new customer ******************
2024-05-14 14:34:26 - INFO - *************************** login successfull*******************
2024-05-14 14:34:32 - INFO - ********************** entering the details ********************
2024-05-14 14:34:32 - INFO - ***************************** Date of Birth *********************
2024-05-14 14:35:09 - INFO - ******************test_003_addCustomer************************
2024-05-14 14:35:09 - INFO - *********************** adding new customer ******************
2024-05-14 14:35:12 - INFO - *************************** login successfull*******************
2024-05-14 14:35:17 - INFO - ********************** entering the details ********************
2024-05-14 14:35:18 - INFO - ***************************** Date of Birth *********************
2024-05-14 14:37:24 - INFO - ******************test_003_addCustomer************************
2024-05-14 14:37:24 - INFO - *********************** adding new customer ******************
2024-05-14 14:37:28 - INFO - *************************** login successfull*******************
2024-05-14 14:37:34 - INFO - ********************** entering the details ********************
2024-05-14 14:37:34 - INFO - ***************************** Date of Birth *********************
2024-05-14 14:39:02 - INFO - ******************test_003_addCustomer************************
2024-05-14 14:39:02 - INFO - *********************** adding new customer ******************
2024-05-14 14:39:06 - INFO - *************************** login successfull*******************
2024-05-14 14:39:11 - INFO - ********************** entering the details ********************
2024-05-14 14:39:12 - INFO - ***************************** Date of Birth *********************
2024-05-14 14:41:23 - INFO - ******************test_003_addCustomer************************
2024-05-14 14:41:23 - INFO - *********************** adding new customer ******************
2024-05-14 14:41:26 - INFO - *************************** login successfull*******************
2024-05-14 14:41:32 - INFO - ********************** entering the details ********************
2024-05-14 14:41:32 - INFO - ***************************** Date of Birth *********************
2024-05-14 14:41:35 - INFO - *********************** clicked on news letter **********************
2024-05-14 14:42:18 - INFO - ******************test_003_addCustomer************************
2024-05-14 14:42:18 - INFO - *********************** adding new customer ******************
2024-05-14 14:42:22 - INFO - *************************** login successfull*******************
2024-05-14 14:42:27 - INFO - ********************** entering the details ********************
2024-05-14 14:42:28 - INFO - ***************************** Date of Birth *********************
2024-05-14 14:42:45 - INFO - *********************** clicked on news letter **********************
2024-05-14 14:43:06 - INFO - ******************test_003_addCustomer************************
2024-05-14 14:43:06 - INFO - *********************** adding new customer ******************
2024-05-14 14:43:09 - INFO - *************************** login successfull*******************
2024-05-14 14:43:15 - INFO - ********************** entering the details ********************
2024-05-14 14:43:16 - INFO - ***************************** Date of Birth *********************
2024-05-14 14:45:33 - INFO - ******************test_003_addCustomer************************
2024-05-14 14:45:33 - INFO - *********************** adding new customer ******************
2024-05-14 14:45:36 - INFO - *************************** login successfull*******************
2024-05-14 14:45:42 - INFO - ********************** entering the details ********************
2024-05-14 14:45:42 - INFO - ***************************** Date of Birth *********************
2024-05-14 14:46:00 - INFO - *********************** clicked on news letter **********************
2024-05-14 14:46:33 - INFO - ******************test_003_addCustomer************************
2024-05-14 14:46:33 - INFO - *********************** adding new customer ******************
2024-05-14 14:46:37 - INFO - *************************** login successfull*******************
2024-05-14 14:46:42 - INFO - ********************** entering the details ********************
2024-05-14 14:46:43 - INFO - ***************************** Date of Birth *********************
2024-05-14 14:46:48 - INFO - *********************** clicked on news letter **********************
2024-05-14 14:48:39 - INFO - ******************test_003_addCustomer************************
2024-05-14 14:48:39 - INFO - *********************** adding new customer ******************
2024-05-14 14:48:43 - INFO - *************************** login successfull*******************
2024-05-14 14:48:49 - INFO - ********************** entering the details ********************
2024-05-14 14:48:49 - INFO - ***************************** Date of Birth *********************
2024-05-14 14:48:55 - INFO - *********************** clicked on news letter **********************
2024-05-14 14:50:40 - INFO - ******************test_003_addCustomer************************
2024-05-14 14:50:40 - INFO - *********************** adding new customer ******************
2024-05-14 14:50:44 - INFO - *************************** login successfull*******************
2024-05-14 14:50:49 - INFO - ********************** entering the details ********************
2024-05-14 14:50:50 - INFO - ***************************** Date of Birth *********************
2024-05-14 14:50:55 - INFO - *********************** clicked on news letter **********************
2024-05-14 15:21:59 - INFO - ******************test_003_addCustomer************************
2024-05-14 15:21:59 - INFO - *********************** adding new customer ******************
2024-05-14 15:22:03 - INFO - *************************** login successfull*******************
2024-05-14 15:22:08 - INFO - ********************** entering the details ********************
2024-05-14 15:22:09 - INFO - ***************************** Date of Birth *********************
2024-05-14 15:22:15 - INFO - *********************** clicked on news letter **********************
2024-05-14 15:27:43 - INFO - ******************test_003_addCustomer************************
2024-05-14 15:27:43 - INFO - *********************** adding new customer ******************
2024-05-14 15:27:46 - INFO - *************************** login successfull*******************
2024-05-14 15:27:53 - INFO - ********************** entering the details ********************
2024-05-14 15:27:53 - INFO - ***************************** Date of Birth *********************
2024-05-14 15:27:59 - INFO - *********************** clicked on news letter **********************
2024-05-14 15:30:02 - INFO - ******************test_003_addCustomer************************
2024-05-14 15:30:02 - INFO - *********************** adding new customer ******************
2024-05-14 15:30:05 - INFO - *************************** login successfull*******************
2024-05-14 15:30:11 - INFO - ********************** entering the details ********************
2024-05-14 15:30:12 - INFO - ***************************** Date of Birth *********************
2024-05-14 15:30:17 - INFO - *********************** clicked on news letter **********************
2024-05-14 15:32:28 - INFO - ******************test_003_addCustomer************************
2024-05-14 15:32:28 - INFO - *********************** adding new customer ******************
2024-05-14 15:32:31 - INFO - *************************** login successfull*******************
2024-05-14 15:32:37 - INFO - ********************** entering the details ********************
2024-05-14 15:32:37 - INFO - ***************************** Date of Birth *********************
2024-05-14 15:32:43 - INFO - *********************** clicked on news letter **********************
2024-05-14 15:51:08 - INFO - ******************test_003_addCustomer************************
2024-05-14 15:51:08 - INFO - *********************** adding new customer ******************
2024-05-14 15:51:11 - INFO - *************************** login successfull*******************
2024-05-14 15:51:17 - INFO - ********************** entering the details ********************
2024-05-14 15:51:17 - INFO - ***************************** Date of Birth *********************
2024-05-14 15:51:23 - INFO - *********************** clicked on news letter **********************
2024-05-14 15:53:27 - INFO - ******************test_003_addCustomer************************
2024-05-14 15:53:27 - INFO - *********************** adding new customer ******************
2024-05-14 15:53:31 - INFO - *************************** login successfull*******************
2024-05-14 15:53:36 - INFO - ********************** entering the details ********************
2024-05-14 15:53:37 - INFO - ***************************** Date of Birth *********************
2024-05-14 15:53:42 - INFO - *********************** clicked on news letter **********************
2024-05-14 15:56:09 - INFO - ******************test_003_addCustomer************************
2024-05-14 15:56:09 - INFO - *********************** adding new customer ******************
2024-05-14 15:56:13 - INFO - *************************** login successfull*******************
2024-05-14 15:56:18 - INFO - ********************** entering the details ********************
2024-05-14 15:56:19 - INFO - ***************************** Date of Birth *********************
2024-05-14 15:56:25 - INFO - *********************** clicked on news letter **********************
2024-05-14 16:00:43 - INFO - ******************test_003_addCustomer************************
2024-05-14 16:00:43 - INFO - *********************** adding new customer ******************
2024-05-14 16:00:46 - INFO - *************************** login successfull*******************
2024-05-14 16:00:52 - INFO - ********************** entering the details ********************
2024-05-14 16:00:52 - INFO - ***************************** Date of Birth *********************
2024-05-14 16:00:58 - INFO - *********************** clicked on news letter **********************
2024-05-14 16:05:45 - INFO - ******************test_003_addCustomer************************
2024-05-14 16:05:45 - INFO - *********************** adding new customer ******************
2024-05-14 16:05:48 - INFO - *************************** login successfull*******************
2024-05-14 16:05:54 - INFO - ********************** entering the details ********************
2024-05-14 16:05:54 - INFO - ***************************** Date of Birth *********************
2024-05-14 16:06:00 - INFO - *********************** clicked on news letter **********************
2024-05-14 16:07:41 - INFO - ******************test_003_addCustomer************************
2024-05-14 16:07:41 - INFO - *********************** adding new customer ******************
2024-05-14 16:07:44 - INFO - *************************** login successfull*******************
2024-05-14 16:07:49 - INFO - ********************** entering the details ********************
2024-05-14 16:07:50 - INFO - ***************************** Date of Birth *********************
2024-05-14 16:07:55 - INFO - *********************** clicked on news letter **********************
2024-05-14 16:15:53 - INFO - ******************test_003_addCustomer************************
2024-05-14 16:15:53 - INFO - *********************** adding new customer ******************
2024-05-14 16:15:56 - INFO - *************************** login successfull*******************
2024-05-14 16:16:00 - INFO - ********************** entering the details ********************
2024-05-14 16:16:01 - INFO - ***************************** Date of Birth *********************
2024-05-14 16:16:07 - INFO - *********************** clicked on news letter **********************
2024-05-14 16:16:53 - INFO - ******************test_003_addCustomer************************
2024-05-14 16:16:53 - INFO - *********************** adding new customer ******************
2024-05-14 16:16:56 - INFO - *************************** login successfull*******************
2024-05-14 16:17:02 - INFO - ********************** entering the details ********************
2024-05-14 16:17:02 - INFO - ***************************** Date of Birth *********************
2024-05-14 16:17:08 - INFO - *********************** clicked on news letter **********************
2024-05-15 10:20:47 - INFO - ******************test_003_addCustomer************************
2024-05-15 10:20:47 - INFO - *********************** adding new customer ******************
2024-05-15 10:20:54 - INFO - *************************** login successfull*******************
2024-05-15 10:21:01 - INFO - ********************** entering the details ********************
2024-05-15 10:21:02 - INFO - ***************************** Date of Birth *********************
2024-05-15 10:21:08 - INFO - *********************** clicked on news letter **********************
2024-05-15 10:33:08 - INFO - ******************test_003_addCustomer************************
2024-05-15 10:33:08 - INFO - *********************** adding new customer ******************
2024-05-15 10:33:58 - INFO - ******************test_003_addCustomer************************
2024-05-15 10:33:58 - INFO - *********************** adding new customer ******************
